<?xml version="1.0" encoding="UTF-8"?>
<!-- Generated by org.testng.reporters.JUnitXMLReporter -->
<testsuite ignored="0" hostname="DESKTOP-972N72V" failures="0" tests="3" name="Default test" time="29.544" errors="0" timestamp="2024-06-02T19:28:37 IST">
  <testcase classname="eCommerceFirstProject.FrameWorkSeleniumTest.EcommerceApplicationTest" name="application" time="10.478"/>
  <testcase classname="eCommerceFirstProject.FrameWorkSeleniumTest.EcommerceApplicationTest" name="application" time="10.675"/>
  <testcase classname="eCommerceFirstProject.FrameWorkSeleniumTest.EcommerceApplicationTest" name="orderapplication" time="0.739"/>
</testsuite> <!-- Default test -->
