<?xml version="1.0" encoding="UTF-8"?>
<!-- Generated by org.testng.reporters.JUnitXMLReporter -->
<testsuite ignored="0" hostname="DESKTOP-972N72V" failures="0" tests="3" name="EcommerceApplicationTest" time="30.681" errors="0" timestamp="2024-06-17T11:36:17 IST">
  <testcase classname="eCommerceFirstProject.FrameWorkSeleniumTest.EcommerceApplicationTest" name="application" time="8.959"/>
  <testcase classname="eCommerceFirstProject.FrameWorkSeleniumTest.EcommerceApplicationTest" name="application" time="9.915"/>
  <testcase classname="eCommerceFirstProject.FrameWorkSeleniumTest.EcommerceApplicationTest" name="orderapplication" time="0.723"/>
</testsuite> <!-- EcommerceApplicationTest -->
