<?xml version="1.0" encoding="UTF-8"?>
<!-- Generated by org.testng.reporters.JUnitXMLReporter -->
<testsuite ignored="0" hostname="DESKTOP-972N72V" failures="0" tests="3" name="EcommerceApplicationTest" time="24.167" errors="0" timestamp="2024-06-12T10:43:54 IST">
  <testcase classname="eCommerceFirstProject.FrameWorkSeleniumTest.EcommerceApplicationTest" name="application" time="10.083"/>
  <testcase classname="eCommerceFirstProject.FrameWorkSeleniumTest.EcommerceApplicationTest" name="application" time="3.002"/>
  <testcase classname="eCommerceFirstProject.FrameWorkSeleniumTest.EcommerceApplicationTest" name="orderapplication" time="0.677"/>
</testsuite> <!-- EcommerceApplicationTest -->
