<?xml version="1.0" encoding="UTF-8"?>
<!-- Generated by org.testng.reporters.JUnitXMLReporter -->
<testsuite ignored="0" hostname="DESKTOP-972N72V" failures="0" tests="2" name="EcommerceTestAssertionTest" time="13.714" errors="0" timestamp="2024-06-12T10:44:07 IST">
  <testcase classname="eCommerceFirstProject.FrameWorkSeleniumTest.EcommerceTestAssertionTest" name="errorValidate" time="8.418"/>
  <testcase classname="eCommerceFirstProject.FrameWorkSeleniumTest.EcommerceTestAssertionTest" name="errorValidationTest" time="0.996"/>
</testsuite> <!-- EcommerceTestAssertionTest -->
