<?xml version="1.0" encoding="UTF-8"?>
<testng-results ignored="0" total="5" passed="5" failed="0" skipped="0">
  <reporter-output>
  </reporter-output>
  <suite started-at="2024-06-12T10:43:29 IST" name="Suite" finished-at="2024-06-12T10:44:07 IST" duration-ms="38231">
    <groups>
      <group name="Error HandlerTest">
        <method signature="EcommerceTestAssertionTest.errorValidationTest()[pri:0, instance:eCommerceFirstProject.FrameWorkSeleniumTest.EcommerceTestAssertionTest@64ec96c6]" name="errorValidationTest" class="eCommerceFirstProject.FrameWorkSeleniumTest.EcommerceTestAssertionTest"/>
      </group> <!-- Error HandlerTest -->
      <group name="Purchase">
        <method signature="EcommerceApplicationTest.application(java.util.HashMap)[pri:0, instance:eCommerceFirstProject.FrameWorkSeleniumTest.EcommerceApplicationTest@7dc3712]" name="application" class="eCommerceFirstProject.FrameWorkSeleniumTest.EcommerceApplicationTest"/>
      </group> <!-- Purchase -->
    </groups>
    <test started-at="2024-06-12T10:43:29 IST" name="EcommerceApplicationTest" finished-at="2024-06-12T10:43:53 IST" duration-ms="24167">
      <class name="eCommerceFirstProject.FrameWorkSeleniumTest.EcommerceApplicationTest">
        <test-method is-config="true" signature="landingPages()[pri:0, instance:eCommerceFirstProject.FrameWorkSeleniumTest.EcommerceApplicationTest@7dc3712]" started-at="2024-06-12T10:43:30 IST" name="landingPages" finished-at="2024-06-12T10:43:36 IST" duration-ms="6181" status="PASS">
          <reporter-output>
          </reporter-output>
        </test-method> <!-- landingPages -->
        <test-method signature="application(java.util.HashMap)[pri:0, instance:eCommerceFirstProject.FrameWorkSeleniumTest.EcommerceApplicationTest@7dc3712]" started-at="2024-06-12T10:43:36 IST" name="application" data-provider="dataProvide" finished-at="2024-06-12T10:43:46 IST" duration-ms="10083" status="PASS">
          <params>
            <param index="0">
              <value>
                <![CDATA[{pass=Naveen0071@, email=hnaveen@gmail.com, productName=ZARA COAT 3}]]>
              </value>
            </param>
          </params>
          <reporter-output>
          </reporter-output>
        </test-method> <!-- application -->
        <test-method is-config="true" signature="closeTab()[pri:0, instance:eCommerceFirstProject.FrameWorkSeleniumTest.EcommerceApplicationTest@7dc3712]" started-at="2024-06-12T10:43:46 IST" name="closeTab" finished-at="2024-06-12T10:43:46 IST" duration-ms="56" status="PASS">
          <reporter-output>
          </reporter-output>
        </test-method> <!-- closeTab -->
        <test-method is-config="true" signature="landingPages()[pri:0, instance:eCommerceFirstProject.FrameWorkSeleniumTest.EcommerceApplicationTest@7dc3712]" started-at="2024-06-12T10:43:46 IST" name="landingPages" finished-at="2024-06-12T10:43:48 IST" duration-ms="1666" status="PASS">
          <reporter-output>
          </reporter-output>
        </test-method> <!-- landingPages -->
        <test-method signature="application(java.util.HashMap)[pri:0, instance:eCommerceFirstProject.FrameWorkSeleniumTest.EcommerceApplicationTest@7dc3712]" started-at="2024-06-12T10:43:48 IST" name="application" data-provider="dataProvide" finished-at="2024-06-12T10:43:51 IST" duration-ms="3002" status="PASS">
          <params>
            <param index="0">
              <value>
                <![CDATA[{pass=Mancon@1, email=man1con@gmail.com, productName=ADIDAS ORIGINAL}]]>
              </value>
            </param>
          </params>
          <reporter-output>
          </reporter-output>
        </test-method> <!-- application -->
        <test-method is-config="true" signature="closeTab()[pri:0, instance:eCommerceFirstProject.FrameWorkSeleniumTest.EcommerceApplicationTest@7dc3712]" started-at="2024-06-12T10:43:51 IST" name="closeTab" finished-at="2024-06-12T10:43:51 IST" duration-ms="48" status="PASS">
          <reporter-output>
          </reporter-output>
        </test-method> <!-- closeTab -->
        <test-method is-config="true" signature="landingPages()[pri:0, instance:eCommerceFirstProject.FrameWorkSeleniumTest.EcommerceApplicationTest@7dc3712]" started-at="2024-06-12T10:43:51 IST" name="landingPages" finished-at="2024-06-12T10:43:53 IST" duration-ms="2022" status="PASS">
          <reporter-output>
          </reporter-output>
        </test-method> <!-- landingPages -->
        <test-method signature="orderapplication()[pri:0, instance:eCommerceFirstProject.FrameWorkSeleniumTest.EcommerceApplicationTest@7dc3712]" started-at="2024-06-12T10:43:53 IST" name="orderapplication" finished-at="2024-06-12T10:43:53 IST" duration-ms="677" status="PASS">
          <reporter-output>
          </reporter-output>
        </test-method> <!-- orderapplication -->
        <test-method is-config="true" signature="closeTab()[pri:0, instance:eCommerceFirstProject.FrameWorkSeleniumTest.EcommerceApplicationTest@7dc3712]" started-at="2024-06-12T10:43:53 IST" name="closeTab" finished-at="2024-06-12T10:43:53 IST" duration-ms="75" status="PASS">
          <reporter-output>
          </reporter-output>
        </test-method> <!-- closeTab -->
      </class> <!-- eCommerceFirstProject.FrameWorkSeleniumTest.EcommerceApplicationTest -->
    </test> <!-- EcommerceApplicationTest -->
    <test started-at="2024-06-12T10:43:54 IST" name="EcommerceTestAssertionTest" finished-at="2024-06-12T10:44:07 IST" duration-ms="13714">
      <class name="eCommerceFirstProject.FrameWorkSeleniumTest.EcommerceTestAssertionTest">
        <test-method is-config="true" signature="landingPages()[pri:0, instance:eCommerceFirstProject.FrameWorkSeleniumTest.EcommerceTestAssertionTest@64ec96c6]" started-at="2024-06-12T10:43:54 IST" name="landingPages" finished-at="2024-06-12T10:43:55 IST" duration-ms="1676" status="PASS">
          <reporter-output>
          </reporter-output>
        </test-method> <!-- landingPages -->
        <test-method signature="errorValidate()[pri:0, instance:eCommerceFirstProject.FrameWorkSeleniumTest.EcommerceTestAssertionTest@64ec96c6]" started-at="2024-06-12T10:43:55 IST" name="errorValidate" finished-at="2024-06-12T10:44:04 IST" duration-ms="8418" status="PASS">
          <reporter-output>
          </reporter-output>
        </test-method> <!-- errorValidate -->
        <test-method is-config="true" signature="closeTab()[pri:0, instance:eCommerceFirstProject.FrameWorkSeleniumTest.EcommerceTestAssertionTest@64ec96c6]" started-at="2024-06-12T10:44:04 IST" name="closeTab" finished-at="2024-06-12T10:44:04 IST" duration-ms="79" status="PASS">
          <reporter-output>
          </reporter-output>
        </test-method> <!-- closeTab -->
        <test-method is-config="true" signature="landingPages()[pri:0, instance:eCommerceFirstProject.FrameWorkSeleniumTest.EcommerceTestAssertionTest@64ec96c6]" started-at="2024-06-12T10:44:04 IST" name="landingPages" finished-at="2024-06-12T10:44:06 IST" duration-ms="2492" status="PASS">
          <reporter-output>
          </reporter-output>
        </test-method> <!-- landingPages -->
        <test-method signature="errorValidationTest()[pri:0, instance:eCommerceFirstProject.FrameWorkSeleniumTest.EcommerceTestAssertionTest@64ec96c6]" started-at="2024-06-12T10:44:06 IST" name="errorValidationTest" finished-at="2024-06-12T10:44:07 IST" duration-ms="996" status="PASS">
          <reporter-output>
          </reporter-output>
        </test-method> <!-- errorValidationTest -->
        <test-method is-config="true" signature="closeTab()[pri:0, instance:eCommerceFirstProject.FrameWorkSeleniumTest.EcommerceTestAssertionTest@64ec96c6]" started-at="2024-06-12T10:44:07 IST" name="closeTab" finished-at="2024-06-12T10:44:07 IST" duration-ms="48" status="PASS">
          <reporter-output>
          </reporter-output>
        </test-method> <!-- closeTab -->
      </class> <!-- eCommerceFirstProject.FrameWorkSeleniumTest.EcommerceTestAssertionTest -->
    </test> <!-- EcommerceTestAssertionTest -->
  </suite> <!-- Suite -->
</testng-results>
